<?xml version="1.0" encoding="UTF-8"?>
<testng-results skipped="0" failed="0" ignored="0" total="1" passed="1">
  <reporter-output>
  </reporter-output>
  <suite name="Default suite" duration-ms="9402" started-at="2019-02-03T16:52:20Z" finished-at="2019-02-03T16:52:29Z">
    <groups>
    </groups>
    <test name="Default test" duration-ms="9402" started-at="2019-02-03T16:52:20Z" finished-at="2019-02-03T16:52:29Z">
      <class name="com.seleniumapi.TestCases">
        <test-method status="PASS" signature="beforeClassMethod()[pri:0, instance:com.seleniumapi.TestCases@4cc0edeb]" name="beforeClassMethod" is-config="true" duration-ms="2032" started-at="2019-02-03T16:52:20Z" finished-at="2019-02-03T16:52:22Z">
          <reporter-output>
          </reporter-output>
        </test-method> <!-- beforeClassMethod -->
        <test-method status="PASS" signature="setUp()[pri:0, instance:com.seleniumapi.TestCases@4cc0edeb]" name="setUp" is-config="true" duration-ms="2940" started-at="2019-02-03T16:52:22Z" finished-at="2019-02-03T16:52:25Z">
          <reporter-output>
          </reporter-output>
        </test-method> <!-- setUp -->
        <test-method status="PASS" signature="userAbleToSearchInInputField()[pri:0, instance:com.seleniumapi.TestCases@4cc0edeb]" name="userAbleToSearchInInputField" duration-ms="4401" started-at="2019-02-03T16:52:25Z" finished-at="2019-02-03T16:52:29Z">
          <reporter-output>
          </reporter-output>
        </test-method> <!-- userAbleToSearchInInputField -->
        <test-method status="PASS" signature="segregateTestCases()[pri:0, instance:com.seleniumapi.TestCases@4cc0edeb]" name="segregateTestCases" is-config="true" duration-ms="1" started-at="2019-02-03T16:52:29Z" finished-at="2019-02-03T16:52:29Z">
          <reporter-output>
          </reporter-output>
        </test-method> <!-- segregateTestCases -->
      </class> <!-- com.seleniumapi.TestCases -->
    </test> <!-- Default test -->
  </suite> <!-- Default suite -->
</testng-results>
